<?xml version="1.0" encoding="UTF-8"?>
<coverage generated="1783993323086" clover="3.2.0">
  <project timestamp="1783993323088" name="All files">
    <metrics statements="24" coveredstatements="19" conditionals="25" coveredconditionals="18" methods="9" coveredmethods="8" elements="58" coveredelements="45" complexity="0" loc="24" ncloc="24" packages="1" files="2" classes="2"/>
    <file name="buscador.js" path="D:\Pruebas\Lab08\Lab09\src\buscador.js">
      <metrics statements="14" coveredstatements="12" conditionals="14" coveredconditionals="10" methods="7" coveredmethods="7"/>
      <line num="4" count="2" type="cond" truecount="3" falsecount="1"/>
      <line num="5" count="0" type="stmt"/>
      <line num="8" count="2" type="stmt"/>
      <line num="9" count="2" type="stmt"/>
      <line num="10" count="6" type="stmt"/>
      <line num="14" count="2" type="cond" truecount="2" falsecount="0"/>
      <line num="20" count="1" type="cond" truecount="3" falsecount="1"/>
      <line num="21" count="1" type="cond" truecount="1" falsecount="1"/>
      <line num="22" count="0" type="stmt"/>
      <line num="27" count="1" type="cond" truecount="1" falsecount="1"/>
      <line num="31" count="1" type="stmt"/>
      <line num="38" count="1" type="stmt"/>
      <line num="39" count="5" type="stmt"/>
      <line num="43" count="1" type="stmt"/>
    </file>
    <file name="carrito.js" path="D:\Pruebas\Lab08\Lab09\src\carrito.js">
      <metrics statements="10" coveredstatements="7" conditionals="11" coveredconditionals="8" methods="2" coveredmethods="1"/>
      <line num="5" count="2" type="cond" truecount="3" falsecount="1"/>
      <line num="6" count="2" type="cond" truecount="1" falsecount="1"/>
      <line num="7" count="2" type="cond" truecount="2" falsecount="0"/>
      <line num="10" count="1" type="stmt"/>
      <line num="12" count="1" type="cond" truecount="1" falsecount="1"/>
      <line num="14" count="0" type="stmt"/>
      <line num="15" count="0" type="stmt"/>
      <line num="16" count="0" type="stmt"/>
      <line num="20" count="1" type="stmt"/>
      <line num="23" count="1" type="stmt"/>
    </file>
  </project>
</coverage>
