{"D:\\Pruebas\\Lab08\\Lab09\\src\\buscador.js": {"path":"D:\\Pruebas\\Lab08\\Lab09\\src\\buscador.js","statementMap":{"0":{"start":{"line":4,"column":4},"end":{"line":6,"column":5}},"1":{"start":{"line":5,"column":8},"end":{"line":5,"column":68}},"2":{"start":{"line":8,"column":27},"end":{"line":8,"column":55}},"3":{"start":{"line":9,"column":23},"end":{"line":11,"column":5}},"4":{"start":{"line":10,"column":8},"end":{"line":10,"column":62}},"5":{"start":{"line":14,"column":4},"end":{"line":14,"column":103}},"6":{"start":{"line":20,"column":4},"end":{"line":20,"column":83}},"7":{"start":{"line":20,"column":28},"end":{"line":20,"column":83}},"8":{"start":{"line":21,"column":4},"end":{"line":21,"column":84}},"9":{"start":{"line":21,"column":19},"end":{"line":21,"column":84}},"10":{"start":{"line":22,"column":4},"end":{"line":22,"column":16}},"11":{"start":{"line":27,"column":4},"end":{"line":27,"column":45}},"12":{"start":{"line":27,"column":35},"end":{"line":27,"column":45}},"13":{"start":{"line":31,"column":4},"end":{"line":31,"column":55}},"14":{"start":{"line":38,"column":4},"end":{"line":40,"column":7}},"15":{"start":{"line":39,"column":8},"end":{"line":39,"column":92}},"16":{"start":{"line":39,"column":65},"end":{"line":39,"column":90}},"17":{"start":{"line":43,"column":0},"end":{"line":48,"column":2}}},"fnMap":{"0":{"name":"buscarProducto","decl":{"start":{"line":2,"column":9},"end":{"line":2,"column":23}},"loc":{"start":{"line":2,"column":43},"end":{"line":15,"column":1}},"line":2},"1":{"name":"(anonymous_1)","decl":{"start":{"line":9,"column":39},"end":{"line":9,"column":40}},"loc":{"start":{"line":10,"column":8},"end":{"line":10,"column":62}},"line":10},"2":{"name":"validarFiltroPrecio","decl":{"start":{"line":18,"column":9},"end":{"line":18,"column":28}},"loc":{"start":{"line":18,"column":39},"end":{"line":23,"column":1}},"line":18},"3":{"name":"sanitizarBusqueda","decl":{"start":{"line":26,"column":9},"end":{"line":26,"column":26}},"loc":{"start":{"line":26,"column":34},"end":{"line":32,"column":1}},"line":26},"4":{"name":"procesarFiltrosSimultaneos","decl":{"start":{"line":35,"column":9},"end":{"line":35,"column":35}},"loc":{"start":{"line":35,"column":55},"end":{"line":41,"column":1}},"line":35},"5":{"name":"(anonymous_5)","decl":{"start":{"line":38,"column":27},"end":{"line":38,"column":28}},"loc":{"start":{"line":38,"column":39},"end":{"line":40,"column":5}},"line":38},"6":{"name":"(anonymous_6)","decl":{"start":{"line":39,"column":45},"end":{"line":39,"column":46}},"loc":{"start":{"line":39,"column":65},"end":{"line":39,"column":90}},"line":39}},"branchMap":{"0":{"loc":{"start":{"line":4,"column":4},"end":{"line":6,"column":5}},"type":"if","locations":[{"start":{"line":4,"column":4},"end":{"line":6,"column":5}},{"start":{},"end":{}}],"line":4},"1":{"loc":{"start":{"line":4,"column":8},"end":{"line":4,"column":47}},"type":"binary-expr","locations":[{"start":{"line":4,"column":8},"end":{"line":4,"column":16}},{"start":{"line":4,"column":20},"end":{"line":4,"column":47}}],"line":4},"2":{"loc":{"start":{"line":14,"column":11},"end":{"line":14,"column":102}},"type":"cond-expr","locations":[{"start":{"line":14,"column":37},"end":{"line":14,"column":89}},{"start":{"line":14,"column":92},"end":{"line":14,"column":102}}],"line":14},"3":{"loc":{"start":{"line":20,"column":4},"end":{"line":20,"column":83}},"type":"if","locations":[{"start":{"line":20,"column":4},"end":{"line":20,"column":83}},{"start":{},"end":{}}],"line":20},"4":{"loc":{"start":{"line":20,"column":8},"end":{"line":20,"column":26}},"type":"binary-expr","locations":[{"start":{"line":20,"column":8},"end":{"line":20,"column":15}},{"start":{"line":20,"column":19},"end":{"line":20,"column":26}}],"line":20},"5":{"loc":{"start":{"line":21,"column":4},"end":{"line":21,"column":84}},"type":"if","locations":[{"start":{"line":21,"column":4},"end":{"line":21,"column":84}},{"start":{},"end":{}}],"line":21},"6":{"loc":{"start":{"line":27,"column":4},"end":{"line":27,"column":45}},"type":"if","locations":[{"start":{"line":27,"column":4},"end":{"line":27,"column":45}},{"start":{},"end":{}}],"line":27}},"s":{"0":2,"1":0,"2":2,"3":2,"4":6,"5":2,"6":1,"7":0,"8":1,"9":1,"10":0,"11":1,"12":0,"13":1,"14":1,"15":3,"16":5,"17":1},"f":{"0":2,"1":6,"2":1,"3":1,"4":1,"5":3,"6":5},"b":{"0":[0,2],"1":[2,2],"2":[1,1],"3":[0,1],"4":[1,1],"5":[1,0],"6":[0,1]},"_coverageSchema":"1a1c01bbd47fc00a2c39e90264f33305004495a9","hash":"f7e7345b9afdb55e52fa419b9e29fd9881ecb8e1"}
,"D:\\Pruebas\\Lab08\\Lab09\\src\\carrito.js": {"path":"D:\\Pruebas\\Lab08\\Lab09\\src\\carrito.js","statementMap":{"0":{"start":{"line":5,"column":4},"end":{"line":5,"column":72}},"1":{"start":{"line":5,"column":35},"end":{"line":5,"column":72}},"2":{"start":{"line":6,"column":4},"end":{"line":6,"column":73}},"3":{"start":{"line":6,"column":23},"end":{"line":6,"column":73}},"4":{"start":{"line":7,"column":4},"end":{"line":7,"column":97}},"5":{"start":{"line":7,"column":30},"end":{"line":7,"column":97}},"6":{"start":{"line":10,"column":27},"end":{"line":10,"column":83}},"7":{"start":{"line":10,"column":59},"end":{"line":10,"column":82}},"8":{"start":{"line":12,"column":4},"end":{"line":17,"column":5}},"9":{"start":{"line":14,"column":29},"end":{"line":14,"column":47}},"10":{"start":{"line":15,"column":8},"end":{"line":15,"column":58}},"11":{"start":{"line":16,"column":8},"end":{"line":16,"column":28}},"12":{"start":{"line":20,"column":4},"end":{"line":20,"column":57}},"13":{"start":{"line":23,"column":0},"end":{"line":23,"column":37}}},"fnMap":{"0":{"name":"agregarProducto","decl":{"start":{"line":3,"column":9},"end":{"line":3,"column":24}},"loc":{"start":{"line":3,"column":77},"end":{"line":21,"column":1}},"line":3},"1":{"name":"(anonymous_1)","decl":{"start":{"line":10,"column":51},"end":{"line":10,"column":52}},"loc":{"start":{"line":10,"column":59},"end":{"line":10,"column":82}},"line":10}},"branchMap":{"0":{"loc":{"start":{"line":3,"column":60},"end":{"line":3,"column":75}},"type":"default-arg","locations":[{"start":{"line":3,"column":72},"end":{"line":3,"column":75}}],"line":3},"1":{"loc":{"start":{"line":5,"column":4},"end":{"line":5,"column":72}},"type":"if","locations":[{"start":{"line":5,"column":4},"end":{"line":5,"column":72}},{"start":{},"end":{}}],"line":5},"2":{"loc":{"start":{"line":5,"column":8},"end":{"line":5,"column":33}},"type":"binary-expr","locations":[{"start":{"line":5,"column":8},"end":{"line":5,"column":17}},{"start":{"line":5,"column":21},"end":{"line":5,"column":33}}],"line":5},"3":{"loc":{"start":{"line":6,"column":4},"end":{"line":6,"column":73}},"type":"if","locations":[{"start":{"line":6,"column":4},"end":{"line":6,"column":73}},{"start":{},"end":{}}],"line":6},"4":{"loc":{"start":{"line":7,"column":4},"end":{"line":7,"column":97}},"type":"if","locations":[{"start":{"line":7,"column":4},"end":{"line":7,"column":97}},{"start":{},"end":{}}],"line":7},"5":{"loc":{"start":{"line":12,"column":4},"end":{"line":17,"column":5}},"type":"if","locations":[{"start":{"line":12,"column":4},"end":{"line":17,"column":5}},{"start":{},"end":{}}],"line":12}},"s":{"0":2,"1":0,"2":2,"3":0,"4":2,"5":1,"6":1,"7":0,"8":1,"9":0,"10":0,"11":0,"12":1,"13":1},"f":{"0":2,"1":0},"b":{"0":[1],"1":[0,2],"2":[2,2],"3":[0,2],"4":[1,1],"5":[0,1]},"_coverageSchema":"1a1c01bbd47fc00a2c39e90264f33305004495a9","hash":"72adac9414a89279ba7d1453048f1135ed297cf1"}
}
