TN:
SF:src\buscador.js
FN:2,buscarProducto
FN:9,(anonymous_1)
FN:18,validarFiltroPrecio
FN:26,sanitizarBusqueda
FN:35,procesarFiltrosSimultaneos
FN:38,(anonymous_5)
FN:39,(anonymous_6)
FNF:7
FNH:7
FNDA:2,buscarProducto
FNDA:6,(anonymous_1)
FNDA:1,validarFiltroPrecio
FNDA:1,sanitizarBusqueda
FNDA:1,procesarFiltrosSimultaneos
FNDA:3,(anonymous_5)
FNDA:5,(anonymous_6)
DA:4,2
DA:5,0
DA:8,2
DA:9,2
DA:10,6
DA:14,2
DA:20,1
DA:21,1
DA:22,0
DA:27,1
DA:31,1
DA:38,1
DA:39,5
DA:43,1
LF:14
LH:12
BRDA:4,0,0,0
BRDA:4,0,1,2
BRDA:4,1,0,2
BRDA:4,1,1,2
BRDA:14,2,0,1
BRDA:14,2,1,1
BRDA:20,3,0,0
BRDA:20,3,1,1
BRDA:20,4,0,1
BRDA:20,4,1,1
BRDA:21,5,0,1
BRDA:21,5,1,0
BRDA:27,6,0,0
BRDA:27,6,1,1
BRF:14
BRH:10
end_of_record
TN:
SF:src\carrito.js
FN:3,agregarProducto
FN:10,(anonymous_1)
FNF:2
FNH:1
FNDA:2,agregarProducto
FNDA:0,(anonymous_1)
DA:5,2
DA:6,2
DA:7,2
DA:10,1
DA:12,1
DA:14,0
DA:15,0
DA:16,0
DA:20,1
DA:23,1
LF:10
LH:7
BRDA:3,0,0,1
BRDA:5,1,0,0
BRDA:5,1,1,2
BRDA:5,2,0,2
BRDA:5,2,1,2
BRDA:6,3,0,0
BRDA:6,3,1,2
BRDA:7,4,0,1
BRDA:7,4,1,1
BRDA:12,5,0,0
BRDA:12,5,1,1
BRF:11
BRH:8
end_of_record
